[debug] [2021-07-24T06:43:56.672Z] ----------------------------------------------------------------------
[debug] [2021-07-24T06:43:56.677Z] Command:       C:\Program Files\nodejs\node.exe C:\Users\jamar\AppData\Roaming\npm\node_modules\firebase-tools\lib\bin\firebase.js init
[debug] [2021-07-24T06:43:56.677Z] CLI Version:   9.16.0
[debug] [2021-07-24T06:43:56.677Z] Platform:      win32
[debug] [2021-07-24T06:43:56.678Z] Node Version:  v14.17.3
[debug] [2021-07-24T06:43:56.679Z] Time:          Sat Jul 24 2021 12:13:56 GMT+0530 (India Standard Time)
[debug] [2021-07-24T06:43:56.679Z] ----------------------------------------------------------------------
[debug] 
[debug] [2021-07-24T06:43:56.692Z] > command requires scopes: ["email","openid","https://www.googleapis.com/auth/cloudplatformprojects.readonly","https://www.googleapis.com/auth/firebase","https://www.googleapis.com/auth/cloud-platform"]
[debug] [2021-07-24T06:43:56.692Z] > authorizing via signed-in user (jamarjothi1@gmail.com)
[info] 
     ######## #### ########  ######## ########     ###     ######  ########
     ##        ##  ##     ## ##       ##     ##  ##   ##  ##       ##
     ######    ##  ########  ######   ########  #########  ######  ######
     ##        ##  ##    ##  ##       ##     ## ##     ##       ## ##
     ##       #### ##     ## ######## ########  ##     ##  ######  ########

You're about to initialize a Firebase project in this directory:

  C:\Users\jamar\Desktop\pro1

[info] 
=== Project Setup
[info] 
[info] First, let's associate this project directory with a Firebase project.
[info] You can create multiple project aliases by running firebase use --add, 
[info] but for now we'll just set up a default project.
[info] 
[debug] [2021-07-24T06:45:07.155Z] >>> [apiv2][query] GET https://firebase.googleapis.com/v1beta1/projects pageSize=100
[debug] [2021-07-24T06:45:08.260Z] <<< [apiv2][status] GET https://firebase.googleapis.com/v1beta1/projects 200
[debug] [2021-07-24T06:45:08.260Z] <<< [apiv2][body] GET https://firebase.googleapis.com/v1beta1/projects [omitted]
[info] i  Using project myfirstproject-232ba (myfirstproject) 
[info] 
=== Hosting Setup
[info] 
[info] Your public directory is the folder (relative to your project directory) that
[info] will contain Hosting assets to be uploaded with firebase deploy. If you
[info] have a build process for your assets, use your build's output directory.
[info] 
[info] +  Wrote public/404.html 
[debug] [2021-07-24T06:47:53.800Z] >>> [apiv2][query] GET https://www.gstatic.com/firebasejs/releases.json [none]
[debug] [2021-07-24T06:47:54.271Z] <<< [apiv2][status] GET https://www.gstatic.com/firebasejs/releases.json 200
[debug] [2021-07-24T06:47:54.272Z] <<< [apiv2][body] GET https://www.gstatic.com/firebasejs/releases.json {"current":{"version":"8.8.0","browserURL":"https://www.gstatic.com/firebasejs/8.8.0/firebase.js","packageURL":"https://www.gstatic.com/firebasejs/8.8.0/firebase.tgz"},"live":{"version":"8.8","browserURL":"https://www.gstatic.com/firebasejs/live/8.8/firebase.js","packageURL":"https://www.gstatic.com/firebasejs/live/8.8/firebase.tgz"},"components":{"analytics":"https://www.gstatic.com/firebasejs/8.8.0/firebase-analytics.js","app":"https://www.gstatic.com/firebasejs/8.8.0/firebase-app.js","app-check":"https://www.gstatic.com/firebasejs/8.8.0/firebase-app-check.js","auth":"https://www.gstatic.com/firebasejs/8.8.0/firebase-auth.js","database":"https://www.gstatic.com/firebasejs/8.8.0/firebase-database.js","firestore":"https://www.gstatic.com/firebasejs/8.8.0/firebase-firestore.js","functions":"https://www.gstatic.com/firebasejs/8.8.0/firebase-functions.js","installations":"https://www.gstatic.com/firebasejs/8.8.0/firebase-installations.js","messaging":"https://www.gstatic.com/firebasejs/8.8.0/firebase-messaging.js","storage":"https://www.gstatic.com/firebasejs/8.8.0/firebase-storage.js","performance":"https://www.gstatic.com/firebasejs/8.8.0/firebase-performance.js","remote-config":"https://www.gstatic.com/firebasejs/8.8.0/firebase-remote-config.js","firestore.memory":"https://www.gstatic.com/firebasejs/8.8.0/firebase-firestore.memory.js"}}
[info] +  Wrote public/index.html 
[info] 
[info] i  Didn't detect a .git folder. Assuming C:\Users\jamar\Desktop\pro1 is the project root. 
[info] i  Authorizing with GitHub to upload your service account to a GitHub repository's secrets store. 
[info] 
[info] Visit this URL on this device to log in:
[info] https://github.com/login/oauth/authorize?client_id=89cf50f02ac6aaed3484&state=716257644&redirect_uri=http%3A%2F%2Flocalhost%3A9005&scope=read%3Auser%20repo%20public_repo
[info] 
[info] Waiting for authentication...
[debug] [2021-07-24T06:56:20.983Z] >>> HTTP REQUEST POST https://github.com/login/oauth/access_token  
 {"client_id":"89cf50f02ac6aaed3484","client_secret":"3330d14abc895d9a74d5f17cd7a00711fa2c5bf0","code":"b089446dd6745da28701","redirect_uri":"http://localhost:9005","state":"716257644"}
[debug] [2021-07-24T06:56:21.651Z] <<< HTTP RESPONSE 200 {"server":"GitHub.com","date":"Sat, 24 Jul 2021 06:56:21 GMT","content-type":"application/json; charset=utf-8","transfer-encoding":"chunked","vary":"X-PJAX, Accept-Encoding, Accept, X-Requested-With","permissions-policy":"interest-cohort=()","etag":"W/\"cea5727fe761b939e6f30c2f97896f72\"","cache-control":"max-age=0, private, must-revalidate","strict-transport-security":"max-age=31536000; includeSubdomains; preload","x-frame-options":"deny","x-content-type-options":"nosniff","x-xss-protection":"0","referrer-policy":"origin-when-cross-origin, strict-origin-when-cross-origin","expect-ct":"max-age=2592000, report-uri=\"https://api.github.com/_private/browser/errors\"","content-security-policy":"default-src 'none'; base-uri 'self'; block-all-mixed-content; connect-src 'self' uploads.github.com www.githubstatus.com collector.githubapp.com api.github.com github-cloud.s3.amazonaws.com github-production-repository-file-5c1aeb.s3.amazonaws.com github-production-upload-manifest-file-7fdce7.s3.amazonaws.com github-production-user-asset-6210df.s3.amazonaws.com cdn.optimizely.com logx.optimizely.com/v1/events translator.github.com wss://alive.github.com; font-src github.githubassets.com; form-action 'self' github.com gist.github.com; frame-ancestors 'none'; frame-src render.githubusercontent.com render-temp.githubusercontent.com viewscreen.githubusercontent.com; img-src 'self' data: github.githubassets.com identicons.github.com collector.githubapp.com github-cloud.s3.amazonaws.com secured-user-images.githubusercontent.com/ *.githubusercontent.com; manifest-src 'self'; media-src 'none'; script-src github.githubassets.com; style-src 'unsafe-inline' github.githubassets.com; worker-src github.com/socket-worker-3f088aa2.js gist.github.com/socket-worker-3f088aa2.js","x-github-request-id":"26D1:0D64:DCE63:1549B3:60FBB995"}
[debug] [2021-07-24T06:56:21.667Z] >>> [apiv2][query] GET https://api.github.com/user [none]
[debug] [2021-07-24T06:56:22.386Z] <<< [apiv2][status] GET https://api.github.com/user 200
[debug] [2021-07-24T06:56:22.386Z] <<< [apiv2][body] GET https://api.github.com/user {"login":"Webdesnr","id":87891760,"node_id":"MDQ6VXNlcjg3ODkxNzYw","avatar_url":"https://avatars.githubusercontent.com/u/87891760?v=4","gravatar_id":"","url":"https://api.github.com/users/Webdesnr","html_url":"https://github.com/Webdesnr","followers_url":"https://api.github.com/users/Webdesnr/followers","following_url":"https://api.github.com/users/Webdesnr/following{/other_user}","gists_url":"https://api.github.com/users/Webdesnr/gists{/gist_id}","starred_url":"https://api.github.com/users/Webdesnr/starred{/owner}{/repo}","subscriptions_url":"https://api.github.com/users/Webdesnr/subscriptions","organizations_url":"https://api.github.com/users/Webdesnr/orgs","repos_url":"https://api.github.com/users/Webdesnr/repos","events_url":"https://api.github.com/users/Webdesnr/events{/privacy}","received_events_url":"https://api.github.com/users/Webdesnr/received_events","type":"User","site_admin":false,"name":null,"company":null,"blog":"","location":null,"email":null,"hireable":null,"bio":null,"twitter_username":null,"public_repos":1,"public_gists":0,"followers":0,"following":0,"created_at":"2021-07-24T06:52:15Z","updated_at":"2021-07-24T06:52:54Z","private_gists":0,"total_private_repos":0,"owned_private_repos":0,"disk_usage":0,"collaborators":0,"two_factor_authentication":false,"plan":{"name":"free","space":976562499,"collaborators":0,"private_repos":10000}}
[info] 
[info] +  Success! Logged into GitHub as Webdesnr 
[info] 
[debug] [2021-07-24T06:56:22.462Z] >>> [apiv2][query] GET https://api.github.com/repos//actions/secrets/public-key type=owner
[debug] [2021-07-24T06:56:22.468Z] >>> [apiv2][query] GET https://api.github.com/repos//actions/secrets/public-key type=owner
[debug] [2021-07-24T06:56:22.939Z] <<< [apiv2][status] GET https://api.github.com/repos//actions/secrets/public-key 404
[debug] [2021-07-24T06:56:22.940Z] <<< [apiv2][body] GET https://api.github.com/repos//actions/secrets/public-key {"message":"Not Found","documentation_url":"https://docs.github.com/rest"}
[debug] [2021-07-24T06:56:22.956Z] <<< [apiv2][status] GET https://api.github.com/repos//actions/secrets/public-key 404
[debug] [2021-07-24T06:56:22.957Z] <<< [apiv2][body] GET https://api.github.com/repos//actions/secrets/public-key {"message":"Not Found","documentation_url":"https://docs.github.com/rest"}
[debug] [2021-07-24T06:57:04.918Z] >>> [apiv2][query] GET https://api.github.com/repos//actions/secrets/public-key type=owner
[debug] [2021-07-24T06:57:05.434Z] <<< [apiv2][status] GET https://api.github.com/repos//actions/secrets/public-key 404
[debug] [2021-07-24T06:57:05.434Z] <<< [apiv2][body] GET https://api.github.com/repos//actions/secrets/public-key {"message":"Not Found","documentation_url":"https://docs.github.com/rest"}
[debug] [2021-07-24T06:57:05.450Z] >>> [apiv2][query] GET https://api.github.com/repos//actions/secrets/public-key type=owner
[debug] [2021-07-24T06:57:05.921Z] >>> [apiv2][query] GET https://api.github.com/repos//actions/secrets/public-key type=owner
[debug] [2021-07-24T06:57:05.986Z] <<< [apiv2][status] GET https://api.github.com/repos//actions/secrets/public-key 404
[debug] [2021-07-24T06:57:05.986Z] <<< [apiv2][body] GET https://api.github.com/repos//actions/secrets/public-key {"message":"Not Found","documentation_url":"https://docs.github.com/rest"}
[debug] [2021-07-24T06:57:06.383Z] <<< [apiv2][status] GET https://api.github.com/repos//actions/secrets/public-key 404
[debug] [2021-07-24T06:57:06.384Z] <<< [apiv2][body] GET https://api.github.com/repos//actions/secrets/public-key {"message":"Not Found","documentation_url":"https://docs.github.com/rest"}
[debug] [2021-07-24T06:57:20.236Z] >>> [apiv2][query] GET https://api.github.com/repos/pro1/actions/secrets/public-key type=owner
[debug] [2021-07-24T06:57:20.781Z] <<< [apiv2][status] GET https://api.github.com/repos/pro1/actions/secrets/public-key 404
[debug] [2021-07-24T06:57:20.782Z] <<< [apiv2][body] GET https://api.github.com/repos/pro1/actions/secrets/public-key {"message":"Not Found","documentation_url":"https://docs.github.com/rest"}
[debug] [2021-07-24T06:57:29.255Z] >>> [apiv2][query] GET https://api.github.com/repos/user/actions/secrets/public-key type=owner
[debug] [2021-07-24T06:57:29.898Z] <<< [apiv2][status] GET https://api.github.com/repos/user/actions/secrets/public-key 404
[debug] [2021-07-24T06:57:29.899Z] <<< [apiv2][body] GET https://api.github.com/repos/user/actions/secrets/public-key {"message":"Not Found","documentation_url":"https://docs.github.com/rest"}
[debug] [2021-07-24T06:58:05.058Z] >>> [apiv2][query] GET https://api.github.com/repos/repository/actions/secrets/public-key type=owner
[debug] [2021-07-24T06:58:05.659Z] <<< [apiv2][status] GET https://api.github.com/repos/repository/actions/secrets/public-key 404
[debug] [2021-07-24T06:58:05.659Z] <<< [apiv2][body] GET https://api.github.com/repos/repository/actions/secrets/public-key {"message":"Not Found","documentation_url":"https://docs.github.com/rest"}
[debug] [2021-07-24T06:58:33.704Z] >>> [apiv2][query] GET https://api.github.com/repos/format:PRO1/actions/secrets/public-key type=owner
[debug] [2021-07-24T06:58:34.229Z] <<< [apiv2][status] GET https://api.github.com/repos/format:PRO1/actions/secrets/public-key 404
[debug] [2021-07-24T06:58:34.230Z] <<< [apiv2][body] GET https://api.github.com/repos/format:PRO1/actions/secrets/public-key {"message":"Not Found","documentation_url":"https://docs.github.com/rest"}
[debug] [2021-07-24T06:59:05.190Z] >>> [apiv2][query] GET https://api.github.com/repos/404.html/actions/secrets/public-key type=owner
[debug] [2021-07-24T06:59:05.828Z] <<< [apiv2][status] GET https://api.github.com/repos/404.html/actions/secrets/public-key 404
[debug] [2021-07-24T06:59:05.828Z] <<< [apiv2][body] GET https://api.github.com/repos/404.html/actions/secrets/public-key {"message":"Not Found","documentation_url":"https://docs.github.com/rest"}
[debug] [2021-07-24T06:59:14.199Z] >>> [apiv2][query] GET https://api.github.com/repos/c:\Users\jamar\Desktop\pro1\public\index.html/actions/secrets/public-key type=owner
[debug] [2021-07-24T06:59:14.871Z] <<< [apiv2][status] GET https://api.github.com/repos/c:\Users\jamar\Desktop\pro1\public\index.html/actions/secrets/public-key 404
[debug] [2021-07-24T06:59:14.872Z] <<< [apiv2][body] GET https://api.github.com/repos/c:\Users\jamar\Desktop\pro1\public\index.html/actions/secrets/public-key {"message":"Not Found","documentation_url":"https://docs.github.com/rest"}
[debug] [2021-07-24T07:01:00.015Z] >>> [apiv2][query] GET https://api.github.com/repos/https://github.com/Webdesnr/Webdesnr.git/actions/secrets/public-key type=owner
[debug] [2021-07-24T07:01:00.716Z] <<< [apiv2][status] GET https://api.github.com/repos/https://github.com/Webdesnr/Webdesnr.git/actions/secrets/public-key 404
[debug] [2021-07-24T07:01:00.716Z] <<< [apiv2][body] GET https://api.github.com/repos/https://github.com/Webdesnr/Webdesnr.git/actions/secrets/public-key {"message":"Not Found","documentation_url":"https://docs.github.com/rest"}
